0 info it worked if it ends with ok
1 verbose cli [ 'C:\\Program Files\\nodejs\\node.exe',
1 verbose cli   'C:\\Program Files\\nodejs\\node_modules\\npm\\bin\\npm-cli.js',
1 verbose cli   'run',
1 verbose cli   'test' ]
2 info using npm@3.10.8
3 info using node@v6.9.1
4 verbose run-script [ 'pretest', 'test', 'posttest' ]
5 info lifecycle rx-connect@0.0.0~pretest: rx-connect@0.0.0
6 silly lifecycle rx-connect@0.0.0~pretest: no script for pretest, continuing
7 info lifecycle rx-connect@0.0.0~test: rx-connect@0.0.0
8 verbose lifecycle rx-connect@0.0.0~test: unsafe-perm in lifecycle true
9 verbose lifecycle rx-connect@0.0.0~test: PATH: C:\Users\joachim\AppData\Roaming\nvm\v6.9.1\node_modules\npm\bin\node-gyp-bin;E:\projects\rx-connect\node_modules\.bin;C:\Program Files\Docker\Docker\Resources\bin;C:\ProgramData\Oracle\Java\javapath;C:\Windows\system32;C:\Windows;C:\Windows\System32\Wbem;C:\Windows\System32\WindowsPowerShell\v1.0\;C:\Program Files (x86)\Skype\Phone\;C:\Program Files (x86)\NVIDIA Corporation\PhysX\Common;C:\Program Files\Git\cmd;C:\Program Files\Git\mingw64\bin;C:\Program Files\Git\usr\bin;C:\Program Files\Mercurial\;E:\projects\apps\apache-maven-3.3.9\bin;C:\Program Files\OpenVPN\bin;C:\Users\joachim\AppData\Roaming\nvm;C:\Program Files\nodejs;C:\WINDOWS\system32;C:\WINDOWS;C:\WINDOWS\System32\Wbem;C:\WINDOWS\System32\WindowsPowerShell\v1.0\;C:\Users\joachim\AppData\Local\Microsoft\WindowsApps;C:\Users\joachim\AppData\Roaming\npm;C:\Users\joachim\AppData\Local\atom\bin;C:\Users\joachim\AppData\Roaming\nvm;C:\Program Files\nodejs;C:\Users\joachim\AppData\Local\Microsoft\WindowsApps;;C:\Program Files (x86)\Microsoft VS Code\bin
10 verbose lifecycle rx-connect@0.0.0~test: CWD: E:\projects\rx-connect
11 silly lifecycle rx-connect@0.0.0~test: Args: [ '/d /s /c', 'npm run lint && jest' ]
12 silly lifecycle rx-connect@0.0.0~test: Returned: code: 1  signal: null
13 info lifecycle rx-connect@0.0.0~test: Failed to exec test script
14 verbose stack Error: rx-connect@0.0.0 test: `npm run lint && jest`
14 verbose stack Exit status 1
14 verbose stack     at EventEmitter.<anonymous> (C:\Users\joachim\AppData\Roaming\nvm\v6.9.1\node_modules\npm\lib\utils\lifecycle.js:255:16)
14 verbose stack     at emitTwo (events.js:106:13)
14 verbose stack     at EventEmitter.emit (events.js:191:7)
14 verbose stack     at ChildProcess.<anonymous> (C:\Users\joachim\AppData\Roaming\nvm\v6.9.1\node_modules\npm\lib\utils\spawn.js:40:14)
14 verbose stack     at emitTwo (events.js:106:13)
14 verbose stack     at ChildProcess.emit (events.js:191:7)
14 verbose stack     at maybeClose (internal/child_process.js:877:16)
14 verbose stack     at Process.ChildProcess._handle.onexit (internal/child_process.js:226:5)
15 verbose pkgid rx-connect@0.0.0
16 verbose cwd E:\projects\rx-connect
17 error Windows_NT 10.0.15063
18 error argv "C:\\Program Files\\nodejs\\node.exe" "C:\\Program Files\\nodejs\\node_modules\\npm\\bin\\npm-cli.js" "run" "test"
19 error node v6.9.1
20 error npm  v3.10.8
21 error code ELIFECYCLE
22 error rx-connect@0.0.0 test: `npm run lint && jest`
22 error Exit status 1
23 error Failed at the rx-connect@0.0.0 test script 'npm run lint && jest'.
23 error Make sure you have the latest version of node.js and npm installed.
23 error If you do, this is most likely a problem with the rx-connect package,
23 error not with npm itself.
23 error Tell the author that this fails on your system:
23 error     npm run lint && jest
23 error You can get information on how to open an issue for this project with:
23 error     npm bugs rx-connect
23 error Or if that isn't available, you can get their info via:
23 error     npm owner ls rx-connect
23 error There is likely additional logging output above.
24 verbose exit [ 1, true ]
